2026-02-24 12:06:35
Full thread dump OpenJDK 64-Bit Server VM (25.0.2 mixed mode, sharing):

Threads class SMR info:
_java_thread_list=0x00007f8678002320, length=23, elements={
0x00007f86c8019580, 0x00007f86c813b1c0, 0x00007f86c813c200, 0x00007f86c813d6b0,
0x00007f86c813ee90, 0x00007f86c8140720, 0x00007f86c81425b0, 0x00007f86c8143fb0,
0x00007f866c02cb20, 0x00007f866c05c4e0, 0x00007f866003e510, 0x00007f8658001bb0,
0x00007f86c8185360, 0x00007f86c818e660, 0x00007f866808e5a0, 0x00007f866808fbc0,
0x00007f8668091430, 0x00007f8640002c90, 0x00007f8640004290, 0x00007f86400058a0,
0x00007f86c8493100, 0x00007f86c8494160, 0x00007f8678000f20
}

"main" #3 [8397] prio=5 os_prio=0 cpu=823,30ms elapsed=1,26s tid=0x00007f86c8019580 nid=8397 in Object.wait()  [0x00007f86cdbfe000]
   java.lang.Thread.State: WAITING (on object monitor)
	at java.lang.Object.wait0(java.base@25.0.2/Native Method)
	- waiting on <0x00000007180d4db8> (a java.lang.Thread)
	at java.lang.Object.wait(java.base@25.0.2/Object.java:389)
	at java.lang.Thread.join(java.base@25.0.2/Thread.java:1887)
	- locked <0x00000007180d4db8> (a java.lang.Thread)
	at java.lang.Thread.join(java.base@25.0.2/Thread.java:1963)
	at Deadlock2.main(Deadlock2.java:22)
	at java.lang.invoke.DirectMethodHandle$Holder.invokeStatic(java.base@25.0.2/DirectMethodHandle$Holder)
	at java.lang.invoke.LambdaForm$MH/0x0000000090158c00.invoke(java.base@25.0.2/LambdaForm$MH)
	at java.lang.invoke.Invokers$Holder.invokeExact_MT(java.base@25.0.2/Invokers$Holder)
	at jdk.internal.reflect.DirectMethodHandleAccessor.invokeImpl(java.base@25.0.2/DirectMethodHandleAccessor.java:154)
	at jdk.internal.reflect.DirectMethodHandleAccessor.invoke(java.base@25.0.2/DirectMethodHandleAccessor.java:104)
	at java.lang.reflect.Method.invoke(java.base@25.0.2/Method.java:565)
	at com.sun.tools.javac.launcher.SourceLauncher.execute(jdk.compiler@25.0.2/SourceLauncher.java:256)
	at com.sun.tools.javac.launcher.SourceLauncher.run(jdk.compiler@25.0.2/SourceLauncher.java:138)
	at com.sun.tools.javac.launcher.SourceLauncher.main(jdk.compiler@25.0.2/SourceLauncher.java:76)

   Locked ownable synchronizers:
	- None

"Reference Handler" #15 [8409] daemon prio=10 os_prio=0 cpu=0,55ms elapsed=1,23s tid=0x00007f86c813b1c0 nid=8409 waiting on condition  [0x00007f86a85ee000]
   java.lang.Thread.State: RUNNABLE
	at java.lang.ref.Reference.waitForReferencePendingList(java.base@25.0.2/Native Method)
	at java.lang.ref.Reference.processPendingReferences(java.base@25.0.2/Reference.java:246)
	at java.lang.ref.Reference$ReferenceHandler.run(java.base@25.0.2/Reference.java:208)

   Locked ownable synchronizers:
	- None

"Finalizer" #16 [8410] daemon prio=8 os_prio=0 cpu=0,29ms elapsed=1,23s tid=0x00007f86c813c200 nid=8410 in Object.wait()  [0x00007f86a88f1000]
   java.lang.Thread.State: WAITING (on object monitor)
	at java.lang.Object.wait0(java.base@25.0.2/Native Method)
	- waiting on <0x0000000719c02368> (a java.lang.ref.ReferenceQueue$Lock)
	at java.lang.Object.wait(java.base@25.0.2/Object.java:389)
	at java.lang.Object.wait(java.base@25.0.2/Object.java:351)
	at java.lang.ref.ReferenceQueue.remove0(java.base@25.0.2/ReferenceQueue.java:137)
	at java.lang.ref.ReferenceQueue.remove(java.base@25.0.2/ReferenceQueue.java:215)
	- locked <0x0000000719c02368> (a java.lang.ref.ReferenceQueue$Lock)
	at java.lang.ref.Finalizer$FinalizerThread.run(java.base@25.0.2/Finalizer.java:165)

   Locked ownable synchronizers:
	- None

"Signal Dispatcher" #17 [8411] daemon prio=9 os_prio=0 cpu=0,80ms elapsed=1,23s tid=0x00007f86c813d6b0 nid=8411 waiting on condition  [0x0000000000000000]
   java.lang.Thread.State: RUNNABLE

   Locked ownable synchronizers:
	- None

"Service Thread" #18 [8412] daemon prio=9 os_prio=0 cpu=0,15ms elapsed=1,23s tid=0x00007f86c813ee90 nid=8412 runnable  [0x0000000000000000]
   java.lang.Thread.State: RUNNABLE

   Locked ownable synchronizers:
	- None

"Monitor Deflation Thread" #19 [8413] daemon prio=9 os_prio=0 cpu=0,17ms elapsed=1,23s tid=0x00007f86c8140720 nid=8413 runnable  [0x0000000000000000]
   java.lang.Thread.State: RUNNABLE

   Locked ownable synchronizers:
	- None

"C2 CompilerThread0" #20 [8414] daemon prio=9 os_prio=0 cpu=154,38ms elapsed=1,23s tid=0x00007f86c81425b0 nid=8414 waiting on condition  [0x0000000000000000]
   java.lang.Thread.State: RUNNABLE
   No compile task

   Locked ownable synchronizers:
	- None

"C1 CompilerThread0" #28 [8415] daemon prio=9 os_prio=0 cpu=184,51ms elapsed=1,23s tid=0x00007f86c8143fb0 nid=8415 waiting on condition  [0x0000000000000000]
   java.lang.Thread.State: RUNNABLE
   No compile task

   Locked ownable synchronizers:
	- None

"C1 CompilerThread1" #29 [8416] daemon prio=9 os_prio=0 cpu=198,10ms elapsed=1,22s tid=0x00007f866c02cb20 nid=8416 waiting on condition  [0x0000000000000000]
   java.lang.Thread.State: RUNNABLE
   No compile task

   Locked ownable synchronizers:
	- None

"C1 CompilerThread2" #30 [8417] daemon prio=9 os_prio=0 cpu=176,70ms elapsed=1,20s tid=0x00007f866c05c4e0 nid=8417 waiting on condition  [0x0000000000000000]
   java.lang.Thread.State: RUNNABLE
   No compile task

   Locked ownable synchronizers:
	- None

"C1 CompilerThread3" #31 [8418] daemon prio=9 os_prio=0 cpu=202,58ms elapsed=1,20s tid=0x00007f866003e510 nid=8418 waiting on condition  [0x0000000000000000]
   java.lang.Thread.State: RUNNABLE
   No compile task

   Locked ownable synchronizers:
	- None

"C2 CompilerThread1" #21 [8419] daemon prio=9 os_prio=0 cpu=254,03ms elapsed=1,19s tid=0x00007f8658001bb0 nid=8419 waiting on condition  [0x0000000000000000]
   java.lang.Thread.State: RUNNABLE
   No compile task

   Locked ownable synchronizers:
	- None

"Notification Thread" #32 [8420] daemon prio=9 os_prio=0 cpu=0,18ms elapsed=1,19s tid=0x00007f86c8185360 nid=8420 runnable  [0x0000000000000000]
   java.lang.Thread.State: RUNNABLE

   Locked ownable synchronizers:
	- None

"Common-Cleaner" #33 [8421] daemon prio=8 os_prio=0 cpu=0,37ms elapsed=1,18s tid=0x00007f86c818e660 nid=8421 in Object.wait()  [0x00007f867f5f8000]
   java.lang.Thread.State: TIMED_WAITING (on object monitor)
	at java.lang.Object.wait0(java.base@25.0.2/Native Method)
	- waiting on <0x0000000719a2bdd8> (a java.lang.ref.ReferenceQueue$Lock)
	at java.lang.Object.wait(java.base@25.0.2/Object.java:389)
	at java.lang.ref.ReferenceQueue.remove0(java.base@25.0.2/ReferenceQueue.java:123)
	at java.lang.ref.ReferenceQueue.remove(java.base@25.0.2/ReferenceQueue.java:201)
	- locked <0x0000000719a2bdd8> (a java.lang.ref.ReferenceQueue$Lock)
	at jdk.internal.ref.CleanerImpl.run(java.base@25.0.2/CleanerImpl.java:146)
	at java.lang.Thread.runWith(java.base@25.0.2/Thread.java:1487)
	at java.lang.Thread.run(java.base@25.0.2/Thread.java:1474)
	at jdk.internal.misc.InnocuousThread.run(java.base@25.0.2/InnocuousThread.java:148)

   Locked ownable synchronizers:
	- None

"C2 CompilerThread2" #22 [8422] daemon prio=9 os_prio=0 cpu=87,04ms elapsed=0,78s tid=0x00007f866808e5a0 nid=8422 waiting on condition  [0x0000000000000000]
   java.lang.Thread.State: RUNNABLE
   No compile task

   Locked ownable synchronizers:
	- None

"C2 CompilerThread3" #23 [8423] daemon prio=9 os_prio=0 cpu=108,50ms elapsed=0,78s tid=0x00007f866808fbc0 nid=8423 waiting on condition  [0x0000000000000000]
   java.lang.Thread.State: RUNNABLE
   No compile task

   Locked ownable synchronizers:
	- None

"C2 CompilerThread4" #24 [8424] daemon prio=9 os_prio=0 cpu=59,64ms elapsed=0,78s tid=0x00007f8668091430 nid=8424 waiting on condition  [0x0000000000000000]
   java.lang.Thread.State: RUNNABLE
   No compile task

   Locked ownable synchronizers:
	- None

"C2 CompilerThread5" #25 [8425] daemon prio=9 os_prio=0 cpu=63,96ms elapsed=0,78s tid=0x00007f8640002c90 nid=8425 waiting on condition  [0x0000000000000000]
   java.lang.Thread.State: RUNNABLE
   No compile task

   Locked ownable synchronizers:
	- None

"C2 CompilerThread6" #26 [8426] daemon prio=9 os_prio=0 cpu=100,10ms elapsed=0,78s tid=0x00007f8640004290 nid=8426 waiting on condition  [0x0000000000000000]
   java.lang.Thread.State: RUNNABLE
   No compile task

   Locked ownable synchronizers:
	- None

"C2 CompilerThread7" #27 [8427] daemon prio=9 os_prio=0 cpu=58,55ms elapsed=0,78s tid=0x00007f86400058a0 nid=8427 waiting on condition  [0x0000000000000000]
   java.lang.Thread.State: RUNNABLE
   No compile task

   Locked ownable synchronizers:
	- None

"Thread-0" #34 [8476] prio=5 os_prio=0 cpu=0,34ms elapsed=0,41s tid=0x00007f86c8493100 nid=8476 in Object.wait()  [0x00007f867ed01000]
   java.lang.Thread.State: WAITING (on object monitor)
	at java.lang.Object.wait0(java.base@25.0.2/Native Method)
	- waiting on <0x00000007180dc258> (a java.lang.Thread)
	at java.lang.Object.wait(java.base@25.0.2/Object.java:389)
	at java.lang.Thread.join(java.base@25.0.2/Thread.java:1887)
	- locked <0x00000007180dc258> (a java.lang.Thread)
	at java.lang.Thread.join(java.base@25.0.2/Thread.java:1963)
	at Deadlock2.lambda$main$2(Deadlock2.java:17)
	at Deadlock2$$Lambda/0x0000000090159000.run(Unknown Source)
	at Deadlock2.lambda$main$0(Deadlock2.java:8)
	at Deadlock2$$Lambda/0x0000000090158210.run(Unknown Source)
	at java.lang.Thread.runWith(java.base@25.0.2/Thread.java:1487)
	at java.lang.Thread.run(java.base@25.0.2/Thread.java:1474)

   Locked ownable synchronizers:
	- None

"Thread-1" #35 [8478] prio=5 os_prio=0 cpu=0,26ms elapsed=0,41s tid=0x00007f86c8494160 nid=8478 in Object.wait()  [0x00007f867ec00000]
   java.lang.Thread.State: WAITING (on object monitor)
	at java.lang.Object.wait0(java.base@25.0.2/Native Method)
	- waiting on <0x00000007180d4db8> (a java.lang.Thread)
	at java.lang.Object.wait(java.base@25.0.2/Object.java:389)
	at java.lang.Thread.join(java.base@25.0.2/Thread.java:1887)
	- locked <0x00000007180d4db8> (a java.lang.Thread)
	at java.lang.Thread.join(java.base@25.0.2/Thread.java:1963)
	at Deadlock2.lambda$main$1(Deadlock2.java:11)
	at Deadlock2$$Lambda/0x0000000090158438.run(Unknown Source)
	at java.lang.Thread.runWith(java.base@25.0.2/Thread.java:1487)
	at java.lang.Thread.run(java.base@25.0.2/Thread.java:1474)

   Locked ownable synchronizers:
	- None

"Attach Listener" #36 [8527] daemon prio=9 os_prio=0 cpu=1,04ms elapsed=0,12s tid=0x00007f8678000f20 nid=8527 waiting on condition  [0x0000000000000000]
   java.lang.Thread.State: RUNNABLE

   Locked ownable synchronizers:
	- None

"VM Thread" os_prio=0 cpu=10,88ms elapsed=1,24s tid=0x00007f86c8130360 nid=8408 runnable  

"VM Periodic Task Thread" os_prio=0 cpu=0,25ms elapsed=1,25s tid=0x00007f86c811f7c0 nid=8407 waiting on condition  

"G1 Service" os_prio=0 cpu=0,17ms elapsed=1,25s tid=0x00007f86c8111260 nid=8402 runnable  

"G1 Refine#0" os_prio=0 cpu=0,14ms elapsed=1,25s tid=0x00007f86c8110060 nid=8401 runnable  

"G1 Conc#0" os_prio=0 cpu=0,08ms elapsed=1,26s tid=0x00007f86c809d5b0 nid=8400 runnable  

"G1 Main Marker" os_prio=0 cpu=0,24ms elapsed=1,26s tid=0x00007f86c809c3a0 nid=8399 runnable  

"GC Thread#0" os_prio=0 cpu=0,33ms elapsed=1,26s tid=0x00007f86c8083a80 nid=8398 runnable  

JNI global refs: 17, weak refs: 0

